<?xml version="1.0" encoding="UTF-8"?>
<testng-results ignored="0" total="1" passed="1" failed="0" skipped="0">
  <reporter-output>
  </reporter-output>
  <suite started-at="2021-07-07T14:08:22 IST" name="Suite" finished-at="2021-07-07T14:09:01 IST" duration-ms="39092">
    <groups>
    </groups>
    <test started-at="2021-07-07T14:08:22 IST" name="Test" finished-at="2021-07-07T14:09:01 IST" duration-ms="39092">
      <class name="Auto.ignitesol.Bookdownloadcount">
        <test-method is-config="true" signature="initialized()[pri:0, instance:Auto.ignitesol.Bookdownloadcount@20d28811]" started-at="2021-07-07T14:08:22 IST" name="initialized" finished-at="2021-07-07T14:08:33 IST" duration-ms="10818" status="PASS">
          <reporter-output>
          </reporter-output>
        </test-method> <!-- initialized -->
        <test-method signature="Bookdownloadcount()[pri:0, instance:Auto.ignitesol.Bookdownloadcount@20d28811]" started-at="2021-07-07T14:08:33 IST" name="Bookdownloadcount" finished-at="2021-07-07T14:09:01 IST" duration-ms="27301" status="PASS">
          <reporter-output>
          </reporter-output>
        </test-method> <!-- Bookdownloadcount -->
        <test-method is-config="true" signature="teardown()[pri:0, instance:Auto.ignitesol.Bookdownloadcount@20d28811]" started-at="2021-07-07T14:09:01 IST" name="teardown" finished-at="2021-07-07T14:09:01 IST" duration-ms="908" status="PASS">
          <reporter-output>
          </reporter-output>
        </test-method> <!-- teardown -->
      </class> <!-- Auto.ignitesol.Bookdownloadcount -->
    </test> <!-- Test -->
  </suite> <!-- Suite -->
</testng-results>
